ğŸš€ Starting Test Validator System...
ğŸ“„ Loaded previous state - Last checked: 2025-06-20T10:25:05.442Z
âœ… Test Validator System started successfully
ğŸ“Š Monitoring Memory at: /Users/rodrigo/claude-projects/OmniCare/memory
ğŸ“ Results stored at: /Users/rodrigo/claude-projects/OmniCare/swarm-auto-centralized-1750414726442/test-validator/results
ğŸ”„ Polling every 10 seconds
ğŸ” New Memory activity detected: backup-2025-06-20T10-27-55-809Z.json
ğŸ“ Found 34 new commits to validate
ğŸ§ª Starting test run: test-run-1750415276686
ğŸ“‹ Testing 34 commits from agents: security, architect, admin, cds, design, clinical, testing, integration, devops, documentation, orchestrator, backend-dev, frontend-lead, workflow-engineer, integration-lead, database-engineer, security-engineer, devops-engineer, fhir-specialist, mobile-dev, test-engineer, commit-expert, unknown, change-analyzer, auth-specialist, ui-manager
ğŸ”„ Running test...
âŒ test failed
ğŸ”„ Running lint...
âŒ lint failed
ğŸ”„ Running typecheck...
âŒ typecheck failed
ğŸ’¾ Test results saved: /Users/rodrigo/claude-projects/OmniCare/swarm-auto-centralized-1750414726442/test-validator/results/test-run-1750415276686.json
ğŸ“¢ Notifying agents of test failures...
ğŸš¨ Alert created for agents: security, architect, admin, cds, design, clinical, testing, integration, devops, documentation, orchestrator, backend-dev, frontend-lead, workflow-engineer, integration-lead, database-engineer, security-engineer, devops-engineer, fhir-specialist, mobile-dev, test-engineer, commit-expert, unknown, change-analyzer, auth-specialist, ui-manager
ğŸ“ Notification saved: /Users/rodrigo/claude-projects/OmniCare/swarm-auto-centralized-1750414726442/test-validator/results/notification-test-run-1750415276686.json
ğŸ Test run completed: FAILED
ğŸ“Š Results: 0 passed, 3 failed, 0 errors
â±ï¸  Duration: 3s
ğŸ” New Memory activity detected: backup-2025-06-20T10-30-15-123Z.json
ğŸ“ Found 3 new commits to validate
ğŸ§ª Starting test run: test-run-1750415309892
ğŸ“‹ Testing 3 commits from agents: security, frontend
ğŸ”„ Running test...
âŒ test failed
ğŸ”„ Running lint...
âŒ lint failed
ğŸ”„ Running typecheck...
âŒ typecheck failed
ğŸ’¾ Test results saved: /Users/rodrigo/claude-projects/OmniCare/swarm-auto-centralized-1750414726442/test-validator/results/test-run-1750415309892.json
ğŸ“¢ Notifying agents of test failures...
ğŸš¨ Alert created for agents: security, frontend
ğŸ“ Notification saved: /Users/rodrigo/claude-projects/OmniCare/swarm-auto-centralized-1750414726442/test-validator/results/notification-test-run-1750415309892.json
ğŸ Test run completed: FAILED
ğŸ“Š Results: 0 passed, 3 failed, 0 errors
â±ï¸  Duration: 3s
